2023-03-03 12:49:05,313 INFO o.a.j.u.JMeterUtils: Setting Locale to en_IN
2023-03-03 12:49:05,346 INFO o.a.j.JMeter: Loading user properties from: user.properties
2023-03-03 12:49:05,346 INFO o.a.j.JMeter: Loading system properties from: system.properties
2023-03-03 12:49:05,346 INFO o.a.j.JMeter: Setting JMeter property: jmeter.save.saveservice.output_format=csv
2023-03-03 12:49:05,355 INFO o.a.j.JMeter: Copyright (c) 1998-2022 The Apache Software Foundation
2023-03-03 12:49:05,355 INFO o.a.j.JMeter: Version 5.5
2023-03-03 12:49:05,355 INFO o.a.j.JMeter: java.version=11.0.18
2023-03-03 12:49:05,355 INFO o.a.j.JMeter: java.vm.name=OpenJDK 64-Bit Server VM
2023-03-03 12:49:05,355 INFO o.a.j.JMeter: os.name=Linux
2023-03-03 12:49:05,355 INFO o.a.j.JMeter: os.arch=amd64
2023-03-03 12:49:05,355 INFO o.a.j.JMeter: os.version=5.15.0-60-generic
2023-03-03 12:49:05,356 INFO o.a.j.JMeter: file.encoding=UTF-8
2023-03-03 12:49:05,356 INFO o.a.j.JMeter: java.awt.headless=true
2023-03-03 12:49:05,356 INFO o.a.j.JMeter: Max memory     =4196401152
2023-03-03 12:49:05,356 INFO o.a.j.JMeter: Available Processors =4
2023-03-03 12:49:05,373 INFO o.a.j.JMeter: Default Locale=English (India)
2023-03-03 12:49:05,374 INFO o.a.j.JMeter: JMeter  Locale=English (India)
2023-03-03 12:49:05,374 INFO o.a.j.JMeter: JMeterHome=/root/apache-jmeter-5.5
2023-03-03 12:49:05,374 INFO o.a.j.JMeter: user.dir  =/root/apache-jmeter-5.5/bin
2023-03-03 12:49:05,374 INFO o.a.j.JMeter: PWD       =/root/apache-jmeter-5.5/bin
2023-03-03 12:49:05,375 INFO o.a.j.JMeter: IP: 10.53.104.169 Name: hj-deldel15736 FullName: hj-deldel15736.persistent.co.in
2023-03-03 12:49:05,387 INFO o.a.j.JMeter: Setting property 'jmeter.reportgenerator.outputdir' to:'/root/apache-jmeter-5.5/bin/result-j.html'
2023-03-03 12:49:05,390 INFO o.a.j.s.FileServer: Default base='/root/apache-jmeter-5.5/bin'
2023-03-03 12:49:05,391 INFO o.a.j.s.FileServer: Set new base='/root/apache-jmeter-5.5/bin/examples'
2023-03-03 12:49:05,724 INFO o.a.j.s.SaveService: Testplan (JMX) version: 2.2. Testlog (JTL) version: 2.2
2023-03-03 12:49:05,765 INFO o.a.j.s.SaveService: Using SaveService properties version 5.0
2023-03-03 12:49:05,770 INFO o.a.j.s.SaveService: Using SaveService properties file encoding UTF-8
2023-03-03 12:49:05,777 INFO o.a.j.s.SaveService: Loading file: examples/CSVSample.jmx
2023-03-03 12:49:06,345 INFO o.a.j.JMeter: Creating summariser <summary>
2023-03-03 12:49:06,356 INFO o.a.j.r.d.ReportGenerator: ReportGenerator will use for Parsing the separator: ','
2023-03-03 12:49:06,357 INFO o.a.j.r.d.ReportGenerator: Will generate report at end of test from  results file: jmeter-j.jtl
2023-03-03 12:49:06,357 INFO o.a.j.r.d.ReportGenerator: Reading report generator properties from: /root/apache-jmeter-5.5/bin/reportgenerator.properties
2023-03-03 12:49:06,358 INFO o.a.j.r.d.ReportGenerator: Merging with JMeter properties
2023-03-03 12:49:06,367 INFO o.a.j.r.c.ReportGeneratorConfiguration: Property 'jmeter.reportgenerator.temp_dir' not found, using default value 'temp' instead.
2023-03-03 12:49:06,372 INFO o.a.j.r.c.ReportGeneratorConfiguration: Property 'jmeter.reportgenerator.apdex_per_transaction' not found, using default value 'null' instead.
2023-03-03 12:49:06,383 INFO o.a.j.r.c.ReportGeneratorConfiguration: apdex_per_transaction is empty, not APDEX per transaction customization
2023-03-03 12:49:06,384 INFO o.a.j.r.c.ReportGeneratorConfiguration: Property 'jmeter.reportgenerator.sample_filter' not found, using default value 'null' instead.
2023-03-03 12:49:06,384 INFO o.a.j.r.c.ReportGeneratorConfiguration: Property 'jmeter.reportgenerator.report_title' not found, using default value 'null' instead.
2023-03-03 12:49:06,384 INFO o.a.j.r.c.ReportGeneratorConfiguration: Property 'jmeter.reportgenerator.start_date' not found, using default value 'null' instead.
2023-03-03 12:49:06,384 INFO o.a.j.r.c.ReportGeneratorConfiguration: Property 'jmeter.reportgenerator.end_date' not found, using default value 'null' instead.
2023-03-03 12:49:06,384 INFO o.a.j.r.c.ReportGeneratorConfiguration: Property 'jmeter.reportgenerator.date_format' not found, using default value 'null' instead.
2023-03-03 12:49:06,395 INFO o.a.j.r.c.ReportGeneratorConfiguration: Will use date range start date: null, end date: null
2023-03-03 12:49:06,404 INFO o.a.j.r.c.ReportGeneratorConfiguration: Property 'jmeter.reportgenerator.graph.totalTPS.exclude_controllers' not found, using default value 'false' instead.
2023-03-03 12:49:06,404 INFO o.a.j.r.c.ReportGeneratorConfiguration: Property 'jmeter.reportgenerator.graph.activeThreadsOverTime.exclude_controllers' not found, using default value 'false' instead.
2023-03-03 12:49:06,405 INFO o.a.j.r.c.ReportGeneratorConfiguration: Property 'jmeter.reportgenerator.graph.timeVsThreads.exclude_controllers' not found, using default value 'false' instead.
2023-03-03 12:49:06,405 INFO o.a.j.r.c.ReportGeneratorConfiguration: Property 'jmeter.reportgenerator.graph.responseTimeDistribution.exclude_controllers' not found, using default value 'false' instead.
2023-03-03 12:49:06,405 INFO o.a.j.r.c.ReportGeneratorConfiguration: Property 'jmeter.reportgenerator.graph.transactionsPerSecond.exclude_controllers' not found, using default value 'false' instead.
2023-03-03 12:49:06,405 INFO o.a.j.r.c.ReportGeneratorConfiguration: Property 'jmeter.reportgenerator.graph.responseTimePercentiles.exclude_controllers' not found, using default value 'false' instead.
2023-03-03 12:49:06,406 INFO o.a.j.r.c.ReportGeneratorConfiguration: Property 'jmeter.reportgenerator.graph.responseTimePercentilesOverTime.exclude_controllers' not found, using default value 'false' instead.
2023-03-03 12:49:06,406 INFO o.a.j.r.c.ReportGeneratorConfiguration: Property 'jmeter.reportgenerator.graph.responseTimesOverTime.exclude_controllers' not found, using default value 'false' instead.
2023-03-03 12:49:06,406 INFO o.a.j.r.c.ReportGeneratorConfiguration: Property 'jmeter.reportgenerator.graph.connectTimeOverTime.exclude_controllers' not found, using default value 'false' instead.
2023-03-03 12:49:06,407 INFO o.a.j.r.c.ReportGeneratorConfiguration: Property 'jmeter.reportgenerator.graph.latenciesOverTime.exclude_controllers' not found, using default value 'false' instead.
2023-03-03 12:49:06,409 INFO o.a.j.r.c.ReportGeneratorConfiguration: Property 'jmeter.reportgenerator.exporter.json.filters_only_sample_series' not found, using default value 'true' instead.
2023-03-03 12:49:06,409 INFO o.a.j.r.c.ReportGeneratorConfiguration: Property 'jmeter.reportgenerator.exporter.json.series_filter' not found, using default value '' instead.
2023-03-03 12:49:06,409 INFO o.a.j.r.c.ReportGeneratorConfiguration: Property 'jmeter.reportgenerator.exporter.json.show_controllers_only' not found, using default value 'false' instead.
2023-03-03 12:49:06,410 INFO o.a.j.r.c.ReportGeneratorConfiguration: Property 'jmeter.reportgenerator.exporter.html.filters_only_sample_series' not found, using default value 'true' instead.
2023-03-03 12:49:06,411 INFO o.a.j.r.c.ReportGeneratorConfiguration: Property 'jmeter.reportgenerator.exporter.html.series_filter' not found, using default value '' instead.
2023-03-03 12:49:06,411 INFO o.a.j.r.c.ReportGeneratorConfiguration: Property 'jmeter.reportgenerator.exporter.html.show_controllers_only' not found, using default value 'false' instead.
2023-03-03 12:49:06,436 INFO o.a.j.e.StandardJMeterEngine: Running the test!
2023-03-03 12:49:06,438 INFO o.a.j.s.SampleEvent: List of sample_variables: []
2023-03-03 12:49:06,438 INFO o.a.j.s.SampleEvent: List of sample_variables: []
2023-03-03 12:49:06,475 INFO o.a.j.e.u.CompoundVariable: Note: Function class names must contain the string: '.functions.'
2023-03-03 12:49:06,476 INFO o.a.j.e.u.CompoundVariable: Note: Function class names must not contain the string: '.gui.'
2023-03-03 12:49:06,603 INFO o.a.j.p.j.s.JavaSampler: Created class: org.apache.jmeter.protocol.java.test.JavaTest. Uses tearDownTest: 
2023-03-03 12:49:06,603 INFO o.a.j.p.j.s.JavaSampler: Created class: org.apache.jmeter.protocol.java.test.JavaTest. Uses tearDownTest: 
2023-03-03 12:49:06,603 INFO o.a.j.p.j.s.JavaSampler: Created class: org.apache.jmeter.protocol.java.test.JavaTest. Uses tearDownTest: 
2023-03-03 12:49:06,603 INFO o.a.j.p.j.s.JavaSampler: Created class: org.apache.jmeter.protocol.java.test.JavaTest. Uses tearDownTest: 
2023-03-03 12:49:06,603 INFO o.a.j.p.j.s.JavaSampler: Created class: org.apache.jmeter.protocol.java.test.JavaTest. Uses tearDownTest: 
2023-03-03 12:49:06,639 INFO o.a.j.JMeter: Running test (1677827946639)
2023-03-03 12:49:06,684 INFO o.a.j.e.StandardJMeterEngine: Starting ThreadGroup: 1 : Thread Group
2023-03-03 12:49:06,684 INFO o.a.j.e.StandardJMeterEngine: Starting 1 threads for group Thread Group.
2023-03-03 12:49:06,685 INFO o.a.j.e.StandardJMeterEngine: Thread will continue on error
2023-03-03 12:49:06,685 INFO o.a.j.t.ThreadGroup: Starting thread group... number=1 threads=1 ramp-up=1 delayedStart=false
2023-03-03 12:49:06,697 INFO o.a.j.t.ThreadGroup: Started thread group number 1
2023-03-03 12:49:06,699 INFO o.a.j.e.StandardJMeterEngine: All thread groups have been started
2023-03-03 12:49:06,751 INFO o.a.j.t.JMeterThread: Thread started: Thread Group 1-1
2023-03-03 12:49:06,754 INFO o.a.j.s.FileServer: Stored: CSVSample_user.csv
2023-03-03 12:49:06,766 INFO o.a.j.s.SampleResult: Note: Sample TimeStamps are START times
2023-03-03 12:49:06,766 INFO o.a.j.s.SampleResult: sampleresult.default.encoding is set to ISO-8859-1
2023-03-03 12:49:06,766 INFO o.a.j.s.SampleResult: sampleresult.useNanoTime=true
2023-03-03 12:49:06,766 INFO o.a.j.s.SampleResult: sampleresult.nanoThreadSleep=5000
2023-03-03 12:49:07,142 INFO o.a.j.s.FileServer: Stored: CSVSample_actions.csv
2023-03-03 12:49:09,405 INFO o.a.j.t.JMeterThread: Stop Thread seen for thread Thread Group 1-1, reason: org.apache.jorphan.util.JMeterStopThreadException: End of file:CSVSample_user.csv detected for CSV DataSet:Get user details configured with stopThread:true, recycle:false
2023-03-03 12:49:09,406 INFO o.a.j.t.JMeterThread: Thread finished: Thread Group 1-1
2023-03-03 12:49:09,406 INFO o.a.j.e.StandardJMeterEngine: Notifying test listeners of end of test
2023-03-03 12:49:09,406 INFO o.a.j.s.FileServer: Close: CSVSample_user.csv
2023-03-03 12:49:09,411 INFO o.a.j.s.FileServer: Close: CSVSample_actions.csv
2023-03-03 12:49:09,417 INFO o.a.j.r.Summariser: summary =     12 in 00:00:03 =    4.3/s Avg:   193 Min:   106 Max:   347 Err:     0 (0.00%)
2023-03-03 12:49:09,418 INFO o.a.j.JMeter: Generating Dashboard
2023-03-03 12:49:09,418 INFO o.a.j.r.d.ReportGenerator: Flushing result collector before report Generation
2023-03-03 12:49:09,437 INFO o.a.j.r.p.NormalizerSampleConsumer: Using format, 'ms', to parse timeStamp field
2023-03-03 12:49:09,524 INFO o.a.j.r.p.AbstractSampleConsumer: class org.apache.jmeter.report.processor.AggregateConsumer#stopProducing(): beginDate produced 0 samples
2023-03-03 12:49:09,524 INFO o.a.j.r.p.AbstractSampleConsumer: class org.apache.jmeter.report.processor.AggregateConsumer#stopProducing(): endDate produced 0 samples
2023-03-03 12:49:09,527 INFO o.a.j.r.p.AbstractSampleConsumer: class org.apache.jmeter.report.processor.ApdexSummaryConsumer#stopProducing(): apdexSummary produced 0 samples
2023-03-03 12:49:09,527 INFO o.a.j.r.p.AbstractSampleConsumer: class org.apache.jmeter.report.processor.RequestsSummaryConsumer#stopProducing(): requestsSummary produced 0 samples
2023-03-03 12:49:09,536 INFO o.a.j.r.p.AbstractSampleConsumer: class org.apache.jmeter.report.processor.StatisticsSummaryConsumer#stopProducing(): statisticsSummary produced 0 samples
2023-03-03 12:49:09,538 INFO o.a.j.r.p.AbstractSampleConsumer: class org.apache.jmeter.report.processor.Top5ErrorsBySamplerConsumer#stopProducing(): top5ErrorsBySampler produced 0 samples
2023-03-03 12:49:09,539 INFO o.a.j.r.p.AbstractSampleConsumer: class org.apache.jmeter.report.processor.ErrorsSummaryConsumer#stopProducing(): errorsSummary produced 0 samples
2023-03-03 12:49:09,539 INFO o.a.j.r.p.AbstractSampleConsumer: class org.apache.jmeter.report.processor.graph.impl.HitsPerSecondGraphConsumer#stopProducing(): hitsPerSecond produced 0 samples
2023-03-03 12:49:09,551 INFO o.a.j.r.p.AbstractSampleConsumer: class org.apache.jmeter.report.processor.graph.impl.LatencyVSRequestGraphConsumer#stopProducing(): latencyVsRequest produced 0 samples
2023-03-03 12:49:09,551 INFO o.a.j.r.p.AbstractSampleConsumer: class org.apache.jmeter.report.processor.graph.impl.SyntheticResponseTimeDistributionGraphConsumer#stopProducing(): syntheticResponseTimeDistribution produced 0 samples
2023-03-03 12:49:09,552 INFO o.a.j.r.p.AbstractSampleConsumer: class org.apache.jmeter.report.processor.graph.impl.BytesThroughputGraphConsumer#stopProducing(): bytesThroughputOverTime produced 0 samples
2023-03-03 12:49:09,553 INFO o.a.j.r.p.AbstractSampleConsumer: class org.apache.jmeter.report.processor.graph.impl.CodesPerSecondGraphConsumer#stopProducing(): codesPerSecond produced 0 samples
2023-03-03 12:49:09,559 INFO o.a.j.r.p.AbstractSampleConsumer: class org.apache.jmeter.report.processor.graph.impl.ResponseTimeVSRequestGraphConsumer#stopProducing(): responseTimeVsRequest produced 0 samples
2023-03-03 12:49:09,559 INFO o.a.j.r.p.AbstractSampleConsumer: class org.apache.jmeter.report.processor.FilterConsumer#stopProducing(): startIntervalControlerFilter produced 84 samples
2023-03-03 12:49:09,559 INFO o.a.j.r.p.AbstractSampleConsumer: class org.apache.jmeter.report.processor.graph.impl.TotalTPSGraphConsumer#stopProducing(): totalTPS produced 0 samples
2023-03-03 12:49:09,560 INFO o.a.j.r.p.AbstractSampleConsumer: class org.apache.jmeter.report.processor.graph.impl.ActiveThreadsGraphConsumer#stopProducing(): activeThreadsOverTime produced 0 samples
2023-03-03 12:49:09,560 INFO o.a.j.r.p.AbstractSampleConsumer: class org.apache.jmeter.report.processor.graph.impl.TimeVSThreadGraphConsumer#stopProducing(): timeVsThreads produced 0 samples
2023-03-03 12:49:09,561 INFO o.a.j.r.p.AbstractSampleConsumer: class org.apache.jmeter.report.processor.graph.impl.ResponseTimeDistributionGraphConsumer#stopProducing(): responseTimeDistribution produced 0 samples
2023-03-03 12:49:09,561 INFO o.a.j.r.p.AbstractSampleConsumer: class org.apache.jmeter.report.processor.graph.impl.TransactionsPerSecondGraphConsumer#stopProducing(): transactionsPerSecond produced 0 samples
2023-03-03 12:49:09,562 INFO o.a.j.r.p.AbstractSampleConsumer: class org.apache.jmeter.report.processor.graph.impl.ResponseTimePercentilesGraphConsumer#stopProducing(): responseTimePercentiles produced 0 samples
2023-03-03 12:49:09,567 INFO o.a.j.r.p.AbstractSampleConsumer: class org.apache.jmeter.report.processor.graph.impl.ResponseTimePercentilesOverTimeGraphConsumer#stopProducing(): responseTimePercentilesOverTime produced 0 samples
2023-03-03 12:49:09,568 INFO o.a.j.r.p.AbstractSampleConsumer: class org.apache.jmeter.report.processor.graph.impl.ResponseTimeOverTimeGraphConsumer#stopProducing(): responseTimesOverTime produced 0 samples
2023-03-03 12:49:09,568 INFO o.a.j.r.p.AbstractSampleConsumer: class org.apache.jmeter.report.processor.graph.impl.ConnectTimeOverTimeGraphConsumer#stopProducing(): connectTimeOverTime produced 0 samples
2023-03-03 12:49:09,569 INFO o.a.j.r.p.AbstractSampleConsumer: class org.apache.jmeter.report.processor.graph.impl.LatencyOverTimeGraphConsumer#stopProducing(): latenciesOverTime produced 0 samples
2023-03-03 12:49:09,569 INFO o.a.j.r.p.AbstractSampleConsumer: class org.apache.jmeter.report.processor.FilterConsumer#stopProducing(): nameFilter produced 180 samples
2023-03-03 12:49:09,569 INFO o.a.j.r.p.AbstractSampleConsumer: class org.apache.jmeter.report.processor.FilterConsumer#stopProducing(): dateRangeFilter produced 36 samples
2023-03-03 12:49:09,569 INFO o.a.j.r.p.AbstractSampleConsumer: class org.apache.jmeter.report.processor.NormalizerSampleConsumer#stopProducing(): normalizer produced 12 samples
2023-03-03 12:49:09,571 INFO o.a.j.r.p.CsvFileSampleSource: produce(): 12 samples produced in 92ms on channel 0
2023-03-03 12:49:09,571 INFO o.a.j.r.d.ReportGenerator: Exporting data using exporter:'json' of className:'org.apache.jmeter.report.dashboard.JsonExporter'
2023-03-03 12:49:09,776 INFO o.a.j.r.d.JsonExporter: Found data for consumer statisticsSummary in context
2023-03-03 12:49:09,776 INFO o.a.j.r.d.JsonExporter: Creating statistics for overall
2023-03-03 12:49:09,777 INFO o.a.j.r.d.JsonExporter: Creating statistics for other transactions
2023-03-03 12:49:09,778 INFO o.a.j.r.d.JsonExporter: Checking output folder
2023-03-03 12:49:09,778 INFO o.a.j.r.d.JsonExporter: Writing statistics JSON to /root/apache-jmeter-5.5/bin/result-j.html/statistics.json
2023-03-03 12:49:09,836 INFO o.a.j.r.d.ReportGenerator: Exporting data using exporter:'html' of className:'org.apache.jmeter.report.dashboard.HtmlTemplateExporter'
2023-03-03 12:49:09,840 INFO o.a.j.r.d.HtmlTemplateExporter: Will generate dashboard in folder: /root/apache-jmeter-5.5/bin/result-j.html
2023-03-03 12:49:09,991 INFO o.a.j.r.d.HtmlTemplateExporter: Report will be generated in: /root/apache-jmeter-5.5/bin/result-j.html, creating folder structure
2023-03-03 12:49:09,995 INFO o.a.j.r.d.TemplateVisitor: Copying folder from '/root/apache-jmeter-5.5/bin/report-template' to '/root/apache-jmeter-5.5/bin/result-j.html', got message: /root/apache-jmeter-5.5/bin/result-j.html, found non empty folder with following content [/root/apache-jmeter-5.5/bin/result-j.html/statistics.json], will be ignored
2023-03-03 12:49:10,555 INFO o.a.j.JMeter: Dashboard generated
